{"/home/anderson/Projetos/rocketseat/gostack-11/aulas/07-gobarber-mobile/src/components/Button/index.tsx": {"path":"/home/anderson/Projetos/rocketseat/gostack-11/aulas/07-gobarber-mobile/src/components/Button/index.tsx","statementMap":{"0":{"start":{"line":10,"column":38},"end":{"line":16,"column":1}},"1":{"start":{"line":11,"column":2},"end":{"line":15,"column":4}}},"fnMap":{"0":{"name":"(anonymous_0)","decl":{"start":{"line":10,"column":38},"end":{"line":10,"column":39}},"loc":{"start":{"line":10,"column":65},"end":{"line":16,"column":1}},"line":10}},"branchMap":{},"s":{"0":1,"1":1},"f":{"0":1},"b":{},"_coverageSchema":"43e27e138ebf9cfc5966b082cf9a028302ed4184","hash":"5edf230ef29cf18197dfdab87d118c76df36dd60"}
,"/home/anderson/Projetos/rocketseat/gostack-11/aulas/07-gobarber-mobile/src/components/Input/index.tsx": {"path":"/home/anderson/Projetos/rocketseat/gostack-11/aulas/07-gobarber-mobile/src/components/Input/index.tsx","statementMap":{"0":{"start":{"line":28,"column":66},"end":{"line":86,"column":1}},"1":{"start":{"line":32,"column":26},"end":{"line":32,"column":43}},"2":{"start":{"line":34,"column":65},"end":{"line":34,"column":79}},"3":{"start":{"line":35,"column":24},"end":{"line":35,"column":76}},"4":{"start":{"line":37,"column":36},"end":{"line":37,"column":51}},"5":{"start":{"line":38,"column":34},"end":{"line":38,"column":49}},"6":{"start":{"line":40,"column":27},"end":{"line":42,"column":8}},"7":{"start":{"line":41,"column":4},"end":{"line":41,"column":23}},"8":{"start":{"line":44,"column":26},"end":{"line":48,"column":8}},"9":{"start":{"line":45,"column":4},"end":{"line":45,"column":24}},"10":{"start":{"line":47,"column":4},"end":{"line":47,"column":47}},"11":{"start":{"line":50,"column":2},"end":{"line":54,"column":6}},"12":{"start":{"line":50,"column":34},"end":{"line":54,"column":3}},"13":{"start":{"line":52,"column":6},"end":{"line":52,"column":38}},"14":{"start":{"line":56,"column":2},"end":{"line":62,"column":33}},"15":{"start":{"line":57,"column":4},"end":{"line":61,"column":7}},"16":{"start":{"line":64,"column":2},"end":{"line":85,"column":4}},"17":{"start":{"line":80,"column":10},"end":{"line":80,"column":46}}},"fnMap":{"0":{"name":"(anonymous_0)","decl":{"start":{"line":28,"column":66},"end":{"line":28,"column":67}},"loc":{"start":{"line":31,"column":5},"end":{"line":86,"column":1}},"line":31},"1":{"name":"(anonymous_1)","decl":{"start":{"line":40,"column":39},"end":{"line":40,"column":40}},"loc":{"start":{"line":40,"column":45},"end":{"line":42,"column":3}},"line":40},"2":{"name":"(anonymous_2)","decl":{"start":{"line":44,"column":38},"end":{"line":44,"column":39}},"loc":{"start":{"line":44,"column":44},"end":{"line":48,"column":3}},"line":44},"3":{"name":"(anonymous_3)","decl":{"start":{"line":50,"column":27},"end":{"line":50,"column":28}},"loc":{"start":{"line":50,"column":34},"end":{"line":54,"column":3}},"line":50},"4":{"name":"(anonymous_4)","decl":{"start":{"line":51,"column":4},"end":{"line":51,"column":5}},"loc":{"start":{"line":51,"column":12},"end":{"line":53,"column":5}},"line":51},"5":{"name":"(anonymous_5)","decl":{"start":{"line":56,"column":12},"end":{"line":56,"column":13}},"loc":{"start":{"line":56,"column":18},"end":{"line":62,"column":3}},"line":56},"6":{"name":"(anonymous_6)","decl":{"start":{"line":79,"column":22},"end":{"line":79,"column":23}},"loc":{"start":{"line":79,"column":31},"end":{"line":81,"column":9}},"line":79}},"branchMap":{"0":{"loc":{"start":{"line":29,"column":16},"end":{"line":29,"column":35}},"type":"default-arg","locations":[{"start":{"line":29,"column":33},"end":{"line":29,"column":35}}],"line":29},"1":{"loc":{"start":{"line":34,"column":25},"end":{"line":34,"column":42}},"type":"default-arg","locations":[{"start":{"line":34,"column":40},"end":{"line":34,"column":42}}],"line":34},"2":{"loc":{"start":{"line":69,"column":15},"end":{"line":69,"column":60}},"type":"cond-expr","locations":[{"start":{"line":69,"column":39},"end":{"line":69,"column":48}},{"start":{"line":69,"column":51},"end":{"line":69,"column":60}}],"line":69},"3":{"loc":{"start":{"line":69,"column":15},"end":{"line":69,"column":36}},"type":"binary-expr","locations":[{"start":{"line":69,"column":15},"end":{"line":69,"column":24}},{"start":{"line":69,"column":28},"end":{"line":69,"column":36}}],"line":69}},"s":{"0":1,"1":2,"2":2,"3":2,"4":2,"5":2,"6":2,"7":0,"8":2,"9":0,"10":0,"11":2,"12":1,"13":0,"14":2,"15":2,"16":2,"17":0},"f":{"0":2,"1":0,"2":0,"3":1,"4":0,"5":2,"6":0},"b":{"0":[2],"1":[2],"2":[0,2],"3":[2,2]},"_coverageSchema":"43e27e138ebf9cfc5966b082cf9a028302ed4184","hash":"7c73df5641105872773052f8dc82430192d6f5cf"}
,"/home/anderson/Projetos/rocketseat/gostack-11/aulas/07-gobarber-mobile/src/hooks/auth.tsx": {"path":"/home/anderson/Projetos/rocketseat/gostack-11/aulas/07-gobarber-mobile/src/hooks/auth.tsx","statementMap":{"0":{"start":{"line":37,"column":20},"end":{"line":37,"column":73}},"1":{"start":{"line":39,"column":31},"end":{"line":102,"column":1}},"2":{"start":{"line":40,"column":26},"end":{"line":40,"column":62}},"3":{"start":{"line":41,"column":32},"end":{"line":41,"column":46}},"4":{"start":{"line":43,"column":2},"end":{"line":60,"column":9}},"5":{"start":{"line":45,"column":28},"end":{"line":48,"column":8}},"6":{"start":{"line":50,"column":6},"end":{"line":54,"column":7}},"7":{"start":{"line":51,"column":8},"end":{"line":51,"column":66}},"8":{"start":{"line":53,"column":8},"end":{"line":53,"column":64}},"9":{"start":{"line":56,"column":6},"end":{"line":56,"column":24}},"10":{"start":{"line":59,"column":4},"end":{"line":59,"column":23}},"11":{"start":{"line":62,"column":17},"end":{"line":75,"column":8}},"12":{"start":{"line":63,"column":21},"end":{"line":63,"column":68}},"13":{"start":{"line":65,"column":28},"end":{"line":65,"column":41}},"14":{"start":{"line":67,"column":4},"end":{"line":70,"column":7}},"15":{"start":{"line":72,"column":4},"end":{"line":72,"column":59}},"16":{"start":{"line":74,"column":4},"end":{"line":74,"column":29}},"17":{"start":{"line":77,"column":18},"end":{"line":81,"column":8}},"18":{"start":{"line":78,"column":4},"end":{"line":78,"column":74}},"19":{"start":{"line":80,"column":4},"end":{"line":80,"column":29}},"20":{"start":{"line":83,"column":21},"end":{"line":93,"column":3}},"21":{"start":{"line":85,"column":6},"end":{"line":85,"column":73}},"22":{"start":{"line":87,"column":6},"end":{"line":90,"column":9}},"23":{"start":{"line":95,"column":2},"end":{"line":101,"column":4}},"24":{"start":{"line":105,"column":18},"end":{"line":105,"column":41}},"25":{"start":{"line":107,"column":2},"end":{"line":109,"column":3}},"26":{"start":{"line":108,"column":4},"end":{"line":108,"column":67}},"27":{"start":{"line":111,"column":2},"end":{"line":111,"column":17}}},"fnMap":{"0":{"name":"(anonymous_0)","decl":{"start":{"line":39,"column":31},"end":{"line":39,"column":32}},"loc":{"start":{"line":39,"column":49},"end":{"line":102,"column":1}},"line":39},"1":{"name":"(anonymous_1)","decl":{"start":{"line":43,"column":12},"end":{"line":43,"column":13}},"loc":{"start":{"line":43,"column":18},"end":{"line":60,"column":3}},"line":43},"2":{"name":"loadStoragedData","decl":{"start":{"line":44,"column":19},"end":{"line":44,"column":35}},"loc":{"start":{"line":44,"column":53},"end":{"line":57,"column":5}},"line":44},"3":{"name":"(anonymous_3)","decl":{"start":{"line":62,"column":29},"end":{"line":62,"column":30}},"loc":{"start":{"line":62,"column":60},"end":{"line":75,"column":3}},"line":62},"4":{"name":"(anonymous_4)","decl":{"start":{"line":77,"column":30},"end":{"line":77,"column":31}},"loc":{"start":{"line":77,"column":42},"end":{"line":81,"column":3}},"line":77},"5":{"name":"(anonymous_5)","decl":{"start":{"line":84,"column":4},"end":{"line":84,"column":5}},"loc":{"start":{"line":84,"column":26},"end":{"line":91,"column":5}},"line":84},"6":{"name":"useAuth","decl":{"start":{"line":104,"column":9},"end":{"line":104,"column":16}},"loc":{"start":{"line":104,"column":36},"end":{"line":112,"column":1}},"line":104}},"branchMap":{"0":{"loc":{"start":{"line":50,"column":6},"end":{"line":54,"column":7}},"type":"if","locations":[{"start":{"line":50,"column":6},"end":{"line":54,"column":7}},{"start":{"line":50,"column":6},"end":{"line":54,"column":7}}],"line":50},"1":{"loc":{"start":{"line":50,"column":10},"end":{"line":50,"column":29}},"type":"binary-expr","locations":[{"start":{"line":50,"column":10},"end":{"line":50,"column":18}},{"start":{"line":50,"column":22},"end":{"line":50,"column":29}}],"line":50},"2":{"loc":{"start":{"line":107,"column":2},"end":{"line":109,"column":3}},"type":"if","locations":[{"start":{"line":107,"column":2},"end":{"line":109,"column":3}},{"start":{"line":107,"column":2},"end":{"line":109,"column":3}}],"line":107}},"s":{"0":1,"1":1,"2":0,"3":0,"4":0,"5":0,"6":0,"7":0,"8":0,"9":0,"10":0,"11":0,"12":0,"13":0,"14":0,"15":0,"16":0,"17":0,"18":0,"19":0,"20":0,"21":0,"22":0,"23":0,"24":1,"25":1,"26":0,"27":1},"f":{"0":0,"1":0,"2":0,"3":0,"4":0,"5":0,"6":1},"b":{"0":[0,0],"1":[0,0],"2":[0,1]},"_coverageSchema":"43e27e138ebf9cfc5966b082cf9a028302ed4184","hash":"d6576c94e9b94efaec1c3c47b6c038b621367891"}
,"/home/anderson/Projetos/rocketseat/gostack-11/aulas/07-gobarber-mobile/src/screens/AppointmentCreated/index.tsx": {"path":"/home/anderson/Projetos/rocketseat/gostack-11/aulas/07-gobarber-mobile/src/screens/AppointmentCreated/index.tsx","statementMap":{"0":{"start":{"line":19,"column":37},"end":{"line":54,"column":1}},"1":{"start":{"line":20,"column":20},"end":{"line":20,"column":35}},"2":{"start":{"line":21,"column":21},"end":{"line":21,"column":31}},"3":{"start":{"line":23,"column":22},"end":{"line":23,"column":43}},"4":{"start":{"line":25,"column":26},"end":{"line":30,"column":13}},"5":{"start":{"line":26,"column":4},"end":{"line":29,"column":7}},"6":{"start":{"line":32,"column":24},"end":{"line":40,"column":24}},"7":{"start":{"line":33,"column":4},"end":{"line":39,"column":6}},"8":{"start":{"line":42,"column":2},"end":{"line":53,"column":4}}},"fnMap":{"0":{"name":"(anonymous_0)","decl":{"start":{"line":19,"column":37},"end":{"line":19,"column":38}},"loc":{"start":{"line":19,"column":43},"end":{"line":54,"column":1}},"line":19},"1":{"name":"(anonymous_1)","decl":{"start":{"line":25,"column":38},"end":{"line":25,"column":39}},"loc":{"start":{"line":25,"column":44},"end":{"line":30,"column":3}},"line":25},"2":{"name":"(anonymous_2)","decl":{"start":{"line":32,"column":32},"end":{"line":32,"column":33}},"loc":{"start":{"line":32,"column":38},"end":{"line":40,"column":3}},"line":32}},"branchMap":{},"s":{"0":0,"1":0,"2":0,"3":0,"4":0,"5":0,"6":0,"7":0,"8":0},"f":{"0":0,"1":0,"2":0},"b":{},"hash":"d777367543a3ace4815bc575229cdf9e8ddb40bd"}
,"/home/anderson/Projetos/rocketseat/gostack-11/aulas/07-gobarber-mobile/src/screens/CreateAppointment/index.tsx": {"path":"/home/anderson/Projetos/rocketseat/gostack-11/aulas/07-gobarber-mobile/src/screens/CreateAppointment/index.tsx","statementMap":{"0":{"start":{"line":52,"column":36},"end":{"line":265,"column":1}},"1":{"start":{"line":53,"column":19},"end":{"line":53,"column":28}},"2":{"start":{"line":54,"column":16},"end":{"line":54,"column":26}},"3":{"start":{"line":55,"column":31},"end":{"line":55,"column":46}},"4":{"start":{"line":57,"column":22},"end":{"line":57,"column":49}},"5":{"start":{"line":59,"column":42},"end":{"line":59,"column":74}},"6":{"start":{"line":60,"column":46},"end":{"line":60,"column":61}},"7":{"start":{"line":61,"column":42},"end":{"line":61,"column":62}},"8":{"start":{"line":62,"column":42},"end":{"line":62,"column":53}},"9":{"start":{"line":63,"column":36},"end":{"line":63,"column":60}},"10":{"start":{"line":64,"column":50},"end":{"line":66,"column":3}},"11":{"start":{"line":68,"column":2},"end":{"line":72,"column":9}},"12":{"start":{"line":69,"column":4},"end":{"line":71,"column":7}},"13":{"start":{"line":70,"column":6},"end":{"line":70,"column":34}},"14":{"start":{"line":74,"column":2},"end":{"line":86,"column":39}},"15":{"start":{"line":75,"column":4},"end":{"line":85,"column":9}},"16":{"start":{"line":84,"column":8},"end":{"line":84,"column":39}},"17":{"start":{"line":88,"column":23},"end":{"line":90,"column":14}},"18":{"start":{"line":89,"column":4},"end":{"line":89,"column":13}},"19":{"start":{"line":92,"column":31},"end":{"line":94,"column":8}},"20":{"start":{"line":93,"column":4},"end":{"line":93,"column":36}},"21":{"start":{"line":96,"column":33},"end":{"line":98,"column":8}},"22":{"start":{"line":97,"column":4},"end":{"line":97,"column":39}},"23":{"start":{"line":97,"column":31},"end":{"line":97,"column":37}},"24":{"start":{"line":100,"column":28},"end":{"line":109,"column":3}},"25":{"start":{"line":102,"column":6},"end":{"line":104,"column":7}},"26":{"start":{"line":103,"column":8},"end":{"line":103,"column":33}},"27":{"start":{"line":106,"column":6},"end":{"line":106,"column":38}},"28":{"start":{"line":106,"column":16},"end":{"line":106,"column":38}},"29":{"start":{"line":111,"column":27},"end":{"line":113,"column":8}},"30":{"start":{"line":112,"column":4},"end":{"line":112,"column":26}},"31":{"start":{"line":115,"column":34},"end":{"line":133,"column":62}},"32":{"start":{"line":116,"column":4},"end":{"line":132,"column":5}},"33":{"start":{"line":117,"column":19},"end":{"line":117,"column":41}},"34":{"start":{"line":118,"column":6},"end":{"line":118,"column":34}},"35":{"start":{"line":119,"column":6},"end":{"line":119,"column":25}},"36":{"start":{"line":121,"column":6},"end":{"line":124,"column":9}},"37":{"start":{"line":126,"column":6},"end":{"line":126,"column":63}},"38":{"start":{"line":128,"column":6},"end":{"line":131,"column":8}},"39":{"start":{"line":135,"column":30},"end":{"line":145,"column":20}},"40":{"start":{"line":136,"column":4},"end":{"line":144,"column":9}},"41":{"start":{"line":137,"column":28},"end":{"line":137,"column":37}},"42":{"start":{"line":139,"column":8},"end":{"line":143,"column":10}},"43":{"start":{"line":147,"column":32},"end":{"line":157,"column":20}},"44":{"start":{"line":148,"column":4},"end":{"line":156,"column":9}},"45":{"start":{"line":149,"column":28},"end":{"line":149,"column":38}},"46":{"start":{"line":151,"column":8},"end":{"line":155,"column":10}},"47":{"start":{"line":159,"column":2},"end":{"line":264,"column":4}},"48":{"start":{"line":178,"column":38},"end":{"line":178,"column":49}},"49":{"start":{"line":180,"column":14},"end":{"line":188,"column":34}},"50":{"start":{"line":182,"column":31},"end":{"line":182,"column":64}},"51":{"start":{"line":221,"column":16},"end":{"line":231,"column":23}},"52":{"start":{"line":226,"column":33},"end":{"line":226,"column":55}},"53":{"start":{"line":242,"column":18},"end":{"line":252,"column":25}},"54":{"start":{"line":247,"column":35},"end":{"line":247,"column":57}}},"fnMap":{"0":{"name":"(anonymous_0)","decl":{"start":{"line":52,"column":36},"end":{"line":52,"column":37}},"loc":{"start":{"line":52,"column":42},"end":{"line":265,"column":1}},"line":52},"1":{"name":"(anonymous_1)","decl":{"start":{"line":68,"column":12},"end":{"line":68,"column":13}},"loc":{"start":{"line":68,"column":18},"end":{"line":72,"column":3}},"line":68},"2":{"name":"(anonymous_2)","decl":{"start":{"line":69,"column":30},"end":{"line":69,"column":31}},"loc":{"start":{"line":69,"column":42},"end":{"line":71,"column":5}},"line":69},"3":{"name":"(anonymous_3)","decl":{"start":{"line":74,"column":12},"end":{"line":74,"column":13}},"loc":{"start":{"line":74,"column":18},"end":{"line":86,"column":3}},"line":74},"4":{"name":"(anonymous_4)","decl":{"start":{"line":83,"column":12},"end":{"line":83,"column":13}},"loc":{"start":{"line":83,"column":24},"end":{"line":85,"column":7}},"line":83},"5":{"name":"(anonymous_5)","decl":{"start":{"line":88,"column":35},"end":{"line":88,"column":36}},"loc":{"start":{"line":88,"column":41},"end":{"line":90,"column":3}},"line":88},"6":{"name":"(anonymous_6)","decl":{"start":{"line":92,"column":43},"end":{"line":92,"column":44}},"loc":{"start":{"line":92,"column":67},"end":{"line":94,"column":3}},"line":92},"7":{"name":"(anonymous_7)","decl":{"start":{"line":96,"column":45},"end":{"line":96,"column":46}},"loc":{"start":{"line":96,"column":51},"end":{"line":98,"column":3}},"line":96},"8":{"name":"(anonymous_8)","decl":{"start":{"line":97,"column":22},"end":{"line":97,"column":23}},"loc":{"start":{"line":97,"column":31},"end":{"line":97,"column":37}},"line":97},"9":{"name":"(anonymous_9)","decl":{"start":{"line":101,"column":4},"end":{"line":101,"column":5}},"loc":{"start":{"line":101,"column":46},"end":{"line":107,"column":5}},"line":101},"10":{"name":"(anonymous_10)","decl":{"start":{"line":111,"column":39},"end":{"line":111,"column":40}},"loc":{"start":{"line":111,"column":57},"end":{"line":113,"column":3}},"line":111},"11":{"name":"(anonymous_11)","decl":{"start":{"line":115,"column":46},"end":{"line":115,"column":47}},"loc":{"start":{"line":115,"column":58},"end":{"line":133,"column":3}},"line":115},"12":{"name":"(anonymous_12)","decl":{"start":{"line":135,"column":38},"end":{"line":135,"column":39}},"loc":{"start":{"line":135,"column":44},"end":{"line":145,"column":3}},"line":135},"13":{"name":"(anonymous_13)","decl":{"start":{"line":137,"column":14},"end":{"line":137,"column":15}},"loc":{"start":{"line":137,"column":28},"end":{"line":137,"column":37}},"line":137},"14":{"name":"(anonymous_14)","decl":{"start":{"line":138,"column":11},"end":{"line":138,"column":12}},"loc":{"start":{"line":138,"column":36},"end":{"line":144,"column":7}},"line":138},"15":{"name":"(anonymous_15)","decl":{"start":{"line":147,"column":40},"end":{"line":147,"column":41}},"loc":{"start":{"line":147,"column":46},"end":{"line":157,"column":3}},"line":147},"16":{"name":"(anonymous_16)","decl":{"start":{"line":149,"column":14},"end":{"line":149,"column":15}},"loc":{"start":{"line":149,"column":28},"end":{"line":149,"column":38}},"line":149},"17":{"name":"(anonymous_17)","decl":{"start":{"line":150,"column":11},"end":{"line":150,"column":12}},"loc":{"start":{"line":150,"column":36},"end":{"line":156,"column":7}},"line":150},"18":{"name":"(anonymous_18)","decl":{"start":{"line":178,"column":26},"end":{"line":178,"column":27}},"loc":{"start":{"line":178,"column":38},"end":{"line":178,"column":49}},"line":178},"19":{"name":"(anonymous_19)","decl":{"start":{"line":179,"column":24},"end":{"line":179,"column":25}},"loc":{"start":{"line":180,"column":14},"end":{"line":188,"column":34}},"line":180},"20":{"name":"(anonymous_20)","decl":{"start":{"line":182,"column":25},"end":{"line":182,"column":26}},"loc":{"start":{"line":182,"column":31},"end":{"line":182,"column":64}},"line":182},"21":{"name":"(anonymous_21)","decl":{"start":{"line":220,"column":39},"end":{"line":220,"column":40}},"loc":{"start":{"line":221,"column":16},"end":{"line":231,"column":23}},"line":221},"22":{"name":"(anonymous_22)","decl":{"start":{"line":226,"column":27},"end":{"line":226,"column":28}},"loc":{"start":{"line":226,"column":33},"end":{"line":226,"column":55}},"line":226},"23":{"name":"(anonymous_23)","decl":{"start":{"line":241,"column":16},"end":{"line":241,"column":17}},"loc":{"start":{"line":242,"column":18},"end":{"line":252,"column":25}},"line":242},"24":{"name":"(anonymous_24)","decl":{"start":{"line":247,"column":29},"end":{"line":247,"column":30}},"loc":{"start":{"line":247,"column":35},"end":{"line":247,"column":57}},"line":247}},"branchMap":{"0":{"loc":{"start":{"line":102,"column":6},"end":{"line":104,"column":7}},"type":"if","locations":[{"start":{"line":102,"column":6},"end":{"line":104,"column":7}},{"start":{"line":102,"column":6},"end":{"line":104,"column":7}}],"line":102},"1":{"loc":{"start":{"line":106,"column":6},"end":{"line":106,"column":38}},"type":"if","locations":[{"start":{"line":106,"column":6},"end":{"line":106,"column":38}},{"start":{"line":106,"column":6},"end":{"line":106,"column":38}}],"line":106},"2":{"loc":{"start":{"line":202,"column":11},"end":{"line":210,"column":11}},"type":"binary-expr","locations":[{"start":{"line":202,"column":11},"end":{"line":202,"column":25}},{"start":{"line":203,"column":12},"end":{"line":209,"column":14}}],"line":202}},"s":{"0":0,"1":0,"2":0,"3":0,"4":0,"5":0,"6":0,"7":0,"8":0,"9":0,"10":0,"11":0,"12":0,"13":0,"14":0,"15":0,"16":0,"17":0,"18":0,"19":0,"20":0,"21":0,"22":0,"23":0,"24":0,"25":0,"26":0,"27":0,"28":0,"29":0,"30":0,"31":0,"32":0,"33":0,"34":0,"35":0,"36":0,"37":0,"38":0,"39":0,"40":0,"41":0,"42":0,"43":0,"44":0,"45":0,"46":0,"47":0,"48":0,"49":0,"50":0,"51":0,"52":0,"53":0,"54":0},"f":{"0":0,"1":0,"2":0,"3":0,"4":0,"5":0,"6":0,"7":0,"8":0,"9":0,"10":0,"11":0,"12":0,"13":0,"14":0,"15":0,"16":0,"17":0,"18":0,"19":0,"20":0,"21":0,"22":0,"23":0,"24":0},"b":{"0":[0,0],"1":[0,0],"2":[0,0]},"hash":"b6cc69455c9ae7a59c98c749ee08ab26893c3961"}
,"/home/anderson/Projetos/rocketseat/gostack-11/aulas/07-gobarber-mobile/src/screens/Dashboard/index.tsx": {"path":"/home/anderson/Projetos/rocketseat/gostack-11/aulas/07-gobarber-mobile/src/screens/Dashboard/index.tsx","statementMap":{"0":{"start":{"line":31,"column":28},"end":{"line":98,"column":1}},"1":{"start":{"line":32,"column":36},"end":{"line":32,"column":60}},"2":{"start":{"line":34,"column":19},"end":{"line":34,"column":28}},"3":{"start":{"line":35,"column":23},"end":{"line":35,"column":38}},"4":{"start":{"line":37,"column":2},"end":{"line":41,"column":9}},"5":{"start":{"line":38,"column":4},"end":{"line":40,"column":7}},"6":{"start":{"line":39,"column":6},"end":{"line":39,"column":34}},"7":{"start":{"line":43,"column":28},"end":{"line":45,"column":16}},"8":{"start":{"line":44,"column":4},"end":{"line":44,"column":24}},"9":{"start":{"line":47,"column":38},"end":{"line":52,"column":3}},"10":{"start":{"line":49,"column":6},"end":{"line":49,"column":52}},"11":{"start":{"line":54,"column":2},"end":{"line":97,"column":4}},"12":{"start":{"line":73,"column":34},"end":{"line":73,"column":45}},"13":{"start":{"line":75,"column":10},"end":{"line":93,"column":30}},"14":{"start":{"line":76,"column":27},"end":{"line":76,"column":67}}},"fnMap":{"0":{"name":"(anonymous_0)","decl":{"start":{"line":31,"column":28},"end":{"line":31,"column":29}},"loc":{"start":{"line":31,"column":34},"end":{"line":98,"column":1}},"line":31},"1":{"name":"(anonymous_1)","decl":{"start":{"line":37,"column":12},"end":{"line":37,"column":13}},"loc":{"start":{"line":37,"column":18},"end":{"line":41,"column":3}},"line":37},"2":{"name":"(anonymous_2)","decl":{"start":{"line":38,"column":30},"end":{"line":38,"column":31}},"loc":{"start":{"line":38,"column":42},"end":{"line":40,"column":5}},"line":38},"3":{"name":"(anonymous_3)","decl":{"start":{"line":43,"column":40},"end":{"line":43,"column":41}},"loc":{"start":{"line":43,"column":46},"end":{"line":45,"column":3}},"line":43},"4":{"name":"(anonymous_4)","decl":{"start":{"line":48,"column":4},"end":{"line":48,"column":5}},"loc":{"start":{"line":48,"column":28},"end":{"line":50,"column":5}},"line":48},"5":{"name":"(anonymous_5)","decl":{"start":{"line":73,"column":22},"end":{"line":73,"column":23}},"loc":{"start":{"line":73,"column":34},"end":{"line":73,"column":45}},"line":73},"6":{"name":"(anonymous_6)","decl":{"start":{"line":74,"column":20},"end":{"line":74,"column":21}},"loc":{"start":{"line":75,"column":10},"end":{"line":93,"column":30}},"line":75},"7":{"name":"(anonymous_7)","decl":{"start":{"line":76,"column":21},"end":{"line":76,"column":22}},"loc":{"start":{"line":76,"column":27},"end":{"line":76,"column":67}},"line":76}},"branchMap":{},"s":{"0":0,"1":0,"2":0,"3":0,"4":0,"5":0,"6":0,"7":0,"8":0,"9":0,"10":0,"11":0,"12":0,"13":0,"14":0},"f":{"0":0,"1":0,"2":0,"3":0,"4":0,"5":0,"6":0,"7":0},"b":{},"hash":"02d4a78ab3cb8760f70f754a945dd86843e5c250"}
,"/home/anderson/Projetos/rocketseat/gostack-11/aulas/07-gobarber-mobile/src/screens/Profile/index.tsx": {"path":"/home/anderson/Projetos/rocketseat/gostack-11/aulas/07-gobarber-mobile/src/screens/Profile/index.tsx","statementMap":{"0":{"start":{"line":39,"column":26},"end":{"line":252,"column":1}},"1":{"start":{"line":40,"column":31},"end":{"line":40,"column":40}},"2":{"start":{"line":42,"column":18},"end":{"line":42,"column":43}},"3":{"start":{"line":43,"column":21},"end":{"line":43,"column":36}},"4":{"start":{"line":45,"column":24},"end":{"line":45,"column":47}},"5":{"start":{"line":46,"column":30},"end":{"line":46,"column":53}},"6":{"start":{"line":47,"column":27},"end":{"line":47,"column":50}},"7":{"start":{"line":48,"column":34},"end":{"line":48,"column":57}},"8":{"start":{"line":50,"column":23},"end":{"line":120,"column":3}},"9":{"start":{"line":52,"column":6},"end":{"line":117,"column":7}},"10":{"start":{"line":53,"column":8},"end":{"line":53,"column":39}},"11":{"start":{"line":55,"column":23},"end":{"line":75,"column":10}},"12":{"start":{"line":62,"column":23},"end":{"line":62,"column":35}},"13":{"start":{"line":70,"column":25},"end":{"line":70,"column":37}},"14":{"start":{"line":77,"column":8},"end":{"line":77,"column":59}},"15":{"start":{"line":85,"column":12},"end":{"line":85,"column":16}},"16":{"start":{"line":87,"column":25},"end":{"line":97,"column":9}},"17":{"start":{"line":99,"column":25},"end":{"line":99,"column":60}},"18":{"start":{"line":101,"column":8},"end":{"line":101,"column":34}},"19":{"start":{"line":103,"column":8},"end":{"line":103,"column":54}},"20":{"start":{"line":105,"column":8},"end":{"line":105,"column":28}},"21":{"start":{"line":107,"column":8},"end":{"line":111,"column":9}},"22":{"start":{"line":108,"column":25},"end":{"line":108,"column":50}},"23":{"start":{"line":109,"column":10},"end":{"line":109,"column":45}},"24":{"start":{"line":110,"column":10},"end":{"line":110,"column":17}},"25":{"start":{"line":113,"column":8},"end":{"line":116,"column":10}},"26":{"start":{"line":122,"column":29},"end":{"line":156,"column":27}},"27":{"start":{"line":123,"column":4},"end":{"line":155,"column":6}},"28":{"start":{"line":131,"column":8},"end":{"line":133,"column":9}},"29":{"start":{"line":132,"column":10},"end":{"line":132,"column":17}},"30":{"start":{"line":135,"column":8},"end":{"line":138,"column":9}},"31":{"start":{"line":136,"column":10},"end":{"line":136,"column":70}},"32":{"start":{"line":137,"column":10},"end":{"line":137,"column":17}},"33":{"start":{"line":140,"column":21},"end":{"line":140,"column":35}},"34":{"start":{"line":142,"column":8},"end":{"line":149,"column":11}},"35":{"start":{"line":151,"column":8},"end":{"line":153,"column":11}},"36":{"start":{"line":152,"column":10},"end":{"line":152,"column":39}},"37":{"start":{"line":158,"column":23},"end":{"line":160,"column":18}},"38":{"start":{"line":159,"column":4},"end":{"line":159,"column":24}},"39":{"start":{"line":162,"column":2},"end":{"line":251,"column":4}},"40":{"start":{"line":184,"column":39},"end":{"line":184,"column":69}},"41":{"start":{"line":196,"column":39},"end":{"line":196,"column":75}},"42":{"start":{"line":209,"column":18},"end":{"line":209,"column":58}},"43":{"start":{"line":209,"column":24},"end":{"line":209,"column":57}},"44":{"start":{"line":222,"column":18},"end":{"line":222,"column":65}},"45":{"start":{"line":222,"column":24},"end":{"line":222,"column":64}},"46":{"start":{"line":235,"column":18},"end":{"line":235,"column":48}},"47":{"start":{"line":241,"column":18},"end":{"line":241,"column":48}}},"fnMap":{"0":{"name":"(anonymous_0)","decl":{"start":{"line":39,"column":26},"end":{"line":39,"column":27}},"loc":{"start":{"line":39,"column":32},"end":{"line":252,"column":1}},"line":39},"1":{"name":"(anonymous_1)","decl":{"start":{"line":51,"column":4},"end":{"line":51,"column":5}},"loc":{"start":{"line":51,"column":37},"end":{"line":118,"column":5}},"line":51},"2":{"name":"(anonymous_2)","decl":{"start":{"line":62,"column":16},"end":{"line":62,"column":17}},"loc":{"start":{"line":62,"column":23},"end":{"line":62,"column":35}},"line":62},"3":{"name":"(anonymous_3)","decl":{"start":{"line":70,"column":18},"end":{"line":70,"column":19}},"loc":{"start":{"line":70,"column":25},"end":{"line":70,"column":37}},"line":70},"4":{"name":"(anonymous_4)","decl":{"start":{"line":122,"column":41},"end":{"line":122,"column":42}},"loc":{"start":{"line":122,"column":47},"end":{"line":156,"column":3}},"line":122},"5":{"name":"(anonymous_5)","decl":{"start":{"line":130,"column":6},"end":{"line":130,"column":7}},"loc":{"start":{"line":130,"column":18},"end":{"line":154,"column":7}},"line":130},"6":{"name":"(anonymous_6)","decl":{"start":{"line":151,"column":45},"end":{"line":151,"column":46}},"loc":{"start":{"line":151,"column":60},"end":{"line":153,"column":9}},"line":151},"7":{"name":"(anonymous_7)","decl":{"start":{"line":158,"column":35},"end":{"line":158,"column":36}},"loc":{"start":{"line":158,"column":41},"end":{"line":160,"column":3}},"line":158},"8":{"name":"(anonymous_8)","decl":{"start":{"line":184,"column":33},"end":{"line":184,"column":34}},"loc":{"start":{"line":184,"column":39},"end":{"line":184,"column":69}},"line":184},"9":{"name":"(anonymous_9)","decl":{"start":{"line":196,"column":33},"end":{"line":196,"column":34}},"loc":{"start":{"line":196,"column":39},"end":{"line":196,"column":75}},"line":196},"10":{"name":"(anonymous_10)","decl":{"start":{"line":208,"column":33},"end":{"line":208,"column":34}},"loc":{"start":{"line":208,"column":39},"end":{"line":210,"column":17}},"line":208},"11":{"name":"(anonymous_11)","decl":{"start":{"line":209,"column":18},"end":{"line":209,"column":19}},"loc":{"start":{"line":209,"column":24},"end":{"line":209,"column":57}},"line":209},"12":{"name":"(anonymous_12)","decl":{"start":{"line":221,"column":33},"end":{"line":221,"column":34}},"loc":{"start":{"line":221,"column":39},"end":{"line":223,"column":17}},"line":221},"13":{"name":"(anonymous_13)","decl":{"start":{"line":222,"column":18},"end":{"line":222,"column":19}},"loc":{"start":{"line":222,"column":24},"end":{"line":222,"column":64}},"line":222},"14":{"name":"(anonymous_14)","decl":{"start":{"line":234,"column":33},"end":{"line":234,"column":34}},"loc":{"start":{"line":234,"column":39},"end":{"line":236,"column":17}},"line":234},"15":{"name":"(anonymous_15)","decl":{"start":{"line":240,"column":25},"end":{"line":240,"column":26}},"loc":{"start":{"line":240,"column":31},"end":{"line":242,"column":17}},"line":240}},"branchMap":{"0":{"loc":{"start":{"line":90,"column":14},"end":{"line":96,"column":16}},"type":"cond-expr","locations":[{"start":{"line":91,"column":14},"end":{"line":95,"column":15}},{"start":{"line":96,"column":14},"end":{"line":96,"column":16}}],"line":90},"1":{"loc":{"start":{"line":107,"column":8},"end":{"line":111,"column":9}},"type":"if","locations":[{"start":{"line":107,"column":8},"end":{"line":111,"column":9}},{"start":{"line":107,"column":8},"end":{"line":111,"column":9}}],"line":107},"2":{"loc":{"start":{"line":131,"column":8},"end":{"line":133,"column":9}},"type":"if","locations":[{"start":{"line":131,"column":8},"end":{"line":133,"column":9}},{"start":{"line":131,"column":8},"end":{"line":133,"column":9}}],"line":131},"3":{"loc":{"start":{"line":135,"column":8},"end":{"line":138,"column":9}},"type":"if","locations":[{"start":{"line":135,"column":8},"end":{"line":138,"column":9}},{"start":{"line":135,"column":8},"end":{"line":138,"column":9}}],"line":135},"4":{"loc":{"start":{"line":146,"column":12},"end":{"line":148,"column":51}},"type":"cond-expr","locations":[{"start":{"line":147,"column":16},"end":{"line":147,"column":28}},{"start":{"line":148,"column":16},"end":{"line":148,"column":51}}],"line":146}},"s":{"0":0,"1":0,"2":0,"3":0,"4":0,"5":0,"6":0,"7":0,"8":0,"9":0,"10":0,"11":0,"12":0,"13":0,"14":0,"15":0,"16":0,"17":0,"18":0,"19":0,"20":0,"21":0,"22":0,"23":0,"24":0,"25":0,"26":0,"27":0,"28":0,"29":0,"30":0,"31":0,"32":0,"33":0,"34":0,"35":0,"36":0,"37":0,"38":0,"39":0,"40":0,"41":0,"42":0,"43":0,"44":0,"45":0,"46":0,"47":0},"f":{"0":0,"1":0,"2":0,"3":0,"4":0,"5":0,"6":0,"7":0,"8":0,"9":0,"10":0,"11":0,"12":0,"13":0,"14":0,"15":0},"b":{"0":[0,0],"1":[0,0],"2":[0,0],"3":[0,0],"4":[0,0]},"hash":"bbc1a4ed279cb8cd2acecbf9e0af833d43a1e521"}
,"/home/anderson/Projetos/rocketseat/gostack-11/aulas/07-gobarber-mobile/src/screens/SignIn/index.tsx": {"path":"/home/anderson/Projetos/rocketseat/gostack-11/aulas/07-gobarber-mobile/src/screens/SignIn/index.tsx","statementMap":{"0":{"start":{"line":37,"column":25},"end":{"line":131,"column":1}},"1":{"start":{"line":38,"column":18},"end":{"line":38,"column":43}},"2":{"start":{"line":39,"column":27},"end":{"line":39,"column":50}},"3":{"start":{"line":41,"column":21},"end":{"line":41,"column":36}},"4":{"start":{"line":43,"column":21},"end":{"line":43,"column":30}},"5":{"start":{"line":45,"column":23},"end":{"line":74,"column":3}},"6":{"start":{"line":47,"column":6},"end":{"line":71,"column":7}},"7":{"start":{"line":48,"column":8},"end":{"line":48,"column":39}},"8":{"start":{"line":50,"column":23},"end":{"line":55,"column":10}},"9":{"start":{"line":57,"column":8},"end":{"line":57,"column":59}},"10":{"start":{"line":59,"column":8},"end":{"line":59,"column":69}},"11":{"start":{"line":61,"column":8},"end":{"line":65,"column":9}},"12":{"start":{"line":62,"column":25},"end":{"line":62,"column":50}},"13":{"start":{"line":63,"column":10},"end":{"line":63,"column":45}},"14":{"start":{"line":64,"column":10},"end":{"line":64,"column":17}},"15":{"start":{"line":67,"column":8},"end":{"line":70,"column":10}},"16":{"start":{"line":76,"column":2},"end":{"line":130,"column":4}},"17":{"start":{"line":95,"column":18},"end":{"line":95,"column":52}},"18":{"start":{"line":106,"column":39},"end":{"line":106,"column":68}},"19":{"start":{"line":111,"column":18},"end":{"line":111,"column":48}},"20":{"start":{"line":124,"column":44},"end":{"line":124,"column":73}}},"fnMap":{"0":{"name":"(anonymous_0)","decl":{"start":{"line":37,"column":25},"end":{"line":37,"column":26}},"loc":{"start":{"line":37,"column":31},"end":{"line":131,"column":1}},"line":37},"1":{"name":"(anonymous_1)","decl":{"start":{"line":46,"column":4},"end":{"line":46,"column":5}},"loc":{"start":{"line":46,"column":36},"end":{"line":72,"column":5}},"line":46},"2":{"name":"(anonymous_2)","decl":{"start":{"line":94,"column":33},"end":{"line":94,"column":34}},"loc":{"start":{"line":94,"column":39},"end":{"line":96,"column":17}},"line":94},"3":{"name":"(anonymous_3)","decl":{"start":{"line":106,"column":33},"end":{"line":106,"column":34}},"loc":{"start":{"line":106,"column":39},"end":{"line":106,"column":68}},"line":106},"4":{"name":"(anonymous_4)","decl":{"start":{"line":110,"column":25},"end":{"line":110,"column":26}},"loc":{"start":{"line":110,"column":31},"end":{"line":112,"column":17}},"line":110},"5":{"name":"(anonymous_5)","decl":{"start":{"line":118,"column":37},"end":{"line":118,"column":38}},"loc":{"start":{"line":118,"column":43},"end":{"line":118,"column":45}},"line":118},"6":{"name":"(anonymous_6)","decl":{"start":{"line":124,"column":38},"end":{"line":124,"column":39}},"loc":{"start":{"line":124,"column":44},"end":{"line":124,"column":73}},"line":124}},"branchMap":{"0":{"loc":{"start":{"line":61,"column":8},"end":{"line":65,"column":9}},"type":"if","locations":[{"start":{"line":61,"column":8},"end":{"line":65,"column":9}},{"start":{"line":61,"column":8},"end":{"line":65,"column":9}}],"line":61}},"s":{"0":1,"1":1,"2":1,"3":1,"4":1,"5":1,"6":0,"7":0,"8":0,"9":0,"10":0,"11":0,"12":0,"13":0,"14":0,"15":0,"16":1,"17":0,"18":0,"19":0,"20":0},"f":{"0":1,"1":0,"2":0,"3":0,"4":0,"5":0,"6":0},"b":{"0":[0,0]},"_coverageSchema":"43e27e138ebf9cfc5966b082cf9a028302ed4184","hash":"8fc016f13c71b6da93d599defebc81f9dab23e62"}
,"/home/anderson/Projetos/rocketseat/gostack-11/aulas/07-gobarber-mobile/src/screens/SignUp/index.tsx": {"path":"/home/anderson/Projetos/rocketseat/gostack-11/aulas/07-gobarber-mobile/src/screens/SignUp/index.tsx","statementMap":{"0":{"start":{"line":31,"column":25},"end":{"line":139,"column":1}},"1":{"start":{"line":32,"column":18},"end":{"line":32,"column":43}},"2":{"start":{"line":33,"column":21},"end":{"line":33,"column":36}},"3":{"start":{"line":35,"column":24},"end":{"line":35,"column":47}},"4":{"start":{"line":36,"column":27},"end":{"line":36,"column":50}},"5":{"start":{"line":38,"column":23},"end":{"line":75,"column":3}},"6":{"start":{"line":40,"column":6},"end":{"line":72,"column":7}},"7":{"start":{"line":41,"column":8},"end":{"line":41,"column":39}},"8":{"start":{"line":43,"column":23},"end":{"line":49,"column":10}},"9":{"start":{"line":51,"column":8},"end":{"line":51,"column":59}},"10":{"start":{"line":53,"column":8},"end":{"line":53,"column":39}},"11":{"start":{"line":55,"column":8},"end":{"line":55,"column":28}},"12":{"start":{"line":57,"column":8},"end":{"line":60,"column":10}},"13":{"start":{"line":62,"column":8},"end":{"line":66,"column":9}},"14":{"start":{"line":63,"column":25},"end":{"line":63,"column":50}},"15":{"start":{"line":64,"column":10},"end":{"line":64,"column":45}},"16":{"start":{"line":65,"column":10},"end":{"line":65,"column":17}},"17":{"start":{"line":68,"column":8},"end":{"line":71,"column":10}},"18":{"start":{"line":77,"column":2},"end":{"line":138,"column":4}},"19":{"start":{"line":93,"column":39},"end":{"line":93,"column":69}},"20":{"start":{"line":105,"column":39},"end":{"line":105,"column":72}},"21":{"start":{"line":117,"column":18},"end":{"line":117,"column":48}},"22":{"start":{"line":123,"column":18},"end":{"line":123,"column":48}},"23":{"start":{"line":132,"column":37},"end":{"line":132,"column":66}}},"fnMap":{"0":{"name":"(anonymous_0)","decl":{"start":{"line":31,"column":25},"end":{"line":31,"column":26}},"loc":{"start":{"line":31,"column":31},"end":{"line":139,"column":1}},"line":31},"1":{"name":"(anonymous_1)","decl":{"start":{"line":39,"column":4},"end":{"line":39,"column":5}},"loc":{"start":{"line":39,"column":36},"end":{"line":73,"column":5}},"line":39},"2":{"name":"(anonymous_2)","decl":{"start":{"line":93,"column":33},"end":{"line":93,"column":34}},"loc":{"start":{"line":93,"column":39},"end":{"line":93,"column":69}},"line":93},"3":{"name":"(anonymous_3)","decl":{"start":{"line":105,"column":33},"end":{"line":105,"column":34}},"loc":{"start":{"line":105,"column":39},"end":{"line":105,"column":72}},"line":105},"4":{"name":"(anonymous_4)","decl":{"start":{"line":116,"column":33},"end":{"line":116,"column":34}},"loc":{"start":{"line":116,"column":39},"end":{"line":118,"column":17}},"line":116},"5":{"name":"(anonymous_5)","decl":{"start":{"line":122,"column":25},"end":{"line":122,"column":26}},"loc":{"start":{"line":122,"column":31},"end":{"line":124,"column":17}},"line":122},"6":{"name":"(anonymous_6)","decl":{"start":{"line":132,"column":31},"end":{"line":132,"column":32}},"loc":{"start":{"line":132,"column":37},"end":{"line":132,"column":66}},"line":132}},"branchMap":{"0":{"loc":{"start":{"line":62,"column":8},"end":{"line":66,"column":9}},"type":"if","locations":[{"start":{"line":62,"column":8},"end":{"line":66,"column":9}},{"start":{"line":62,"column":8},"end":{"line":66,"column":9}}],"line":62}},"s":{"0":0,"1":0,"2":0,"3":0,"4":0,"5":0,"6":0,"7":0,"8":0,"9":0,"10":0,"11":0,"12":0,"13":0,"14":0,"15":0,"16":0,"17":0,"18":0,"19":0,"20":0,"21":0,"22":0,"23":0},"f":{"0":0,"1":0,"2":0,"3":0,"4":0,"5":0,"6":0},"b":{"0":[0,0]},"hash":"b2d52c500efabb594e9cfa22793378ce769a431f"}
}
